#
# There is insufficient memory for the Java Runtime Environment to continue.
# Native memory allocation (malloc) failed to allocate 1048576 bytes for AllocateHeap
# Possible reasons:
#   The system is out of physical RAM or swap space
#   In 32 bit mode, the process size limit was hit
# Possible solutions:
#   Reduce memory load on the system
#   Increase physical memory or swap space
#   Check if swap backing store is full
#   Use 64 bit Java on a 64 bit OS
#   Decrease Java heap size (-Xmx/-Xms)
#   Decrease number of Java threads
#   Decrease Java thread stack sizes (-Xss)
#   Set larger code cache with -XX:ReservedCodeCacheSize=
# This output file may be truncated or incomplete.
#
#  Out of Memory Error (memory/allocation.inline.hpp:61), pid=10568, tid=0x0000000000001cf0
#
# JRE version:  (8.0_101-b13) (build )
# Java VM: Java HotSpot(TM) 64-Bit Server VM (25.101-b13 mixed mode windows-amd64 compressed oops)
# Failed to write core dump. Minidumps are not enabled by default on client versions of Windows
#

---------------  T H R E A D  ---------------

Current thread (0x0000000002160800):  JavaThread "Unknown thread" [_thread_in_vm, id=7408, stack(0x0000000001f50000,0x0000000002050000)]

Stack: [0x0000000001f50000,0x0000000002050000]
[error occurred during error reporting (printing stack bounds), id 0xc0000005]

Native frames: (J=compiled Java code, j=interpreted, Vv=VM code, C=native code)


---------------  P R O C E S S  ---------------

Java Threads: ( => current thread )

Other Threads:

=>0x0000000002160800 (exited) JavaThread "Unknown thread" [_thread_in_vm, id=7408, stack(0x0000000001f50000,0x0000000002050000)]

VM state:not at safepoint (normal execution)

VM Mutex/Monitor currently owned by a thread: None

Heap:
 PSYoungGen      total 37888K, used 655K [0x00000000eab00000, 0x00000000ed500000, 0x0000000100000000)
  eden space 32768K, 2% used [0x00000000eab00000,0x00000000eaba3d80,0x00000000ecb00000)
  from space 5120K, 0% used [0x00000000ed000000,0x00000000ed000000,0x00000000ed500000)
  to   space 5120K, 0% used [0x00000000ecb00000,0x00000000ecb00000,0x00000000ed000000)
 ParOldGen       total 86016K, used 0K [0x00000000c0000000, 0x00000000c5400000, 0x00000000eab00000)
  object space 86016K, 0% used [0x00000000c0000000,0x00000000c0000000,0x00000000c5400000)
 Metaspace       used 769K, capacity 4480K, committed 4480K, reserved 1056768K
  class space    used 75K, capacity 384K, committed 384K, reserved 1048576K

Card table byte_map: [0x0000000002620000,0x0000000002830000] byte_map_base: 0x0000000002020000

Marking Bits: (ParMarkBitMap*) 0x000000006b3ea6d0
 Begin Bits: [0x0000000002d90000, 0x0000000003d90000)
 End Bits:   [0x0000000003d90000, 0x0000000004d90000)

Polling page: 0x0000000000980000

CodeCache: size=245760Kb used=328Kb max_used=328Kb free=245431Kb
 bounds [0x000000000f010000, 0x000000000f280000, 0x000000001e010000]
 total_blobs=58 nmethods=0 adapters=38
 compilation: enabled

Compilation events (0 events):
No events

GC Heap History (0 events):
No events

Deoptimization events (0 events):
No events

Internal exceptions (0 events):
No events

Events (10 events):
Event: 0.167 loading class java/lang/Short
Event: 0.167 loading class java/lang/Short done
Event: 0.167 loading class java/lang/Integer
Event: 0.167 loading class java/lang/Integer done
Event: 0.167 loading class java/lang/Long
Event: 0.167 loading class java/lang/Long done
Event: 0.168 loading class java/lang/NullPointerException
Event: 0.168 loading class java/lang/NullPointerException done
Event: 0.168 loading class java/lang/ArithmeticException
Event: 0.168 loading class java/lang/ArithmeticException done


Dynamic libraries:
0x00007ff782100000 - 0x00007ff782137000 	C:\Program Files\Java\jdk1.8.0_101\bin\java.exe
0x00007ffcdf4b0000 - 0x00007ffcdf671000 	C:\Windows\SYSTEM32\ntdll.dll
0x00007ffcdebc0000 - 0x00007ffcdec6d000 	C:\Windows\system32\KERNEL32.DLL
0x00007ffcdbdc0000 - 0x00007ffcdbfa8000 	C:\Windows\system32\KERNELBASE.dll
0x00007ffcdf400000 - 0x00007ffcdf4a7000 	C:\Windows\system32\ADVAPI32.dll
0x00007ffcdd280000 - 0x00007ffcdd31d000 	C:\Windows\system32\msvcrt.dll
0x00007ffcdedb0000 - 0x00007ffcdee0b000 	C:\Windows\system32\sechost.dll
0x00007ffcdec70000 - 0x00007ffcded8c000 	C:\Windows\system32\RPCRT4.dll
0x00007ffcdd3a0000 - 0x00007ffcdd4f6000 	C:\Windows\system32\USER32.dll
0x00007ffcdcfe0000 - 0x00007ffcdd166000 	C:\Windows\system32\GDI32.dll
0x00007ffcd8000000 - 0x00007ffcd8274000 	C:\Windows\WinSxS\amd64_microsoft.windows.common-controls_6595b64144ccf1df_6.0.10586.494_none_a2d8b04ea53e3145\COMCTL32.dll
0x00007ffcdf070000 - 0x00007ffcdf2ed000 	C:\Windows\system32\combase.dll
0x00007ffcdbb60000 - 0x00007ffcdbbca000 	C:\Windows\system32\bcryptPrimitives.dll
0x00007ffcdf2f0000 - 0x00007ffcdf32b000 	C:\Windows\system32\IMM32.DLL
0x00007ffcdb9c0000 - 0x00007ffcdb9f1000 	C:\Windows\system32\nvinitx.dll
0x00007ffcdb9b0000 - 0x00007ffcdb9ba000 	C:\Windows\SYSTEM32\VERSION.dll
0x000000000f000000 - 0x000000000f006000 	C:\Program Files\NVIDIA Corporation\CoProcManager\_etoured.dll
0x00007ffcd9eb0000 - 0x00007ffcd9ee2000 	C:\Program Files\NVIDIA Corporation\CoProcManager\nvd3d9wrapx.dll
0x00007ffcdca00000 - 0x00007ffcdce29000 	C:\Windows\system32\SETUPAPI.dll
0x00007ffcdc6b0000 - 0x00007ffcdc6f3000 	C:\Windows\system32\CFGMGR32.dll
0x00007ffcd93b0000 - 0x00007ffcd93d2000 	C:\Program Files\NVIDIA Corporation\CoProcManager\nvdxgiwrapx.dll
0x000000006a6f0000 - 0x000000006a7c2000 	C:\Program Files\Java\jdk1.8.0_101\jre\bin\msvcr100.dll
0x000000006abd0000 - 0x000000006b46a000 	C:\Program Files\Java\jdk1.8.0_101\jre\bin\server\jvm.dll
0x00007ffcdd320000 - 0x00007ffcdd328000 	C:\Windows\system32\PSAPI.DLL
0x00007ffcd5540000 - 0x00007ffcd5549000 	C:\Windows\SYSTEM32\WSOCK32.dll
0x00007ffcdd330000 - 0x00007ffcdd39b000 	C:\Windows\system32\WS2_32.dll
0x00007ffcd9e30000 - 0x00007ffcd9e53000 	C:\Windows\SYSTEM32\WINMM.dll
0x00007ffcd9e00000 - 0x00007ffcd9e2c000 	C:\Windows\SYSTEM32\WINMMBASE.dll
0x000000006abc0000 - 0x000000006abcf000 	C:\Program Files\Java\jdk1.8.0_101\jre\bin\verify.dll
0x000000006ab90000 - 0x000000006abb9000 	C:\Program Files\Java\jdk1.8.0_101\jre\bin\java.dll
0x000000006ab70000 - 0x000000006ab86000 	C:\Program Files\Java\jdk1.8.0_101\jre\bin\zip.dll

VM Arguments:
jvm_args: -Djava.awt.headless=true -Xmx1024M -Dfile.encoding=windows-1251 -Duser.country=RU -Duser.language=ru -Duser.variant 
java_command: com.android.dx.command.Main --dex --force-jumbo --num-threads=4 --multi-dex --output D:\AndroidStudioProjects\MyFirstApplication\app\build\intermediates\transforms\dex\debug\folders\1000\5\slice_3 D:\AndroidStudioProjects\MyFirstApplication\app\build\intermediates\transforms\instantRunSlicer\debug\folders\1\5\slice_3
java_class_path (initial): C:\Program Files\Java\jdk1.8.0_101\build-tools\24.0.1\lib\dx.jar
Launcher Type: SUN_STANDARD

Environment Variables:
JAVA_HOME=C:\Program Files\Java\jdk1.8.0_101
PATH=C:\ProgramData\Oracle\Java\javapath;C:\Windows\system32;C:\Windows;C:\Windows\System32\Wbem;C:\Windows\System32\WindowsPowerShell\v1.0\;C:\Program Files\Java\jdk1.8.0_101\bin
USERNAME=ника
OS=Windows_NT
PROCESSOR_IDENTIFIER=Intel64 Family 6 Model 58 Stepping 9, GenuineIntel



---------------  S Y S T E M  ---------------

OS: Windows 10.0 , 64 bit Build 10586 (10.0.10586.0)

CPU:total 4 (2 cores per cpu, 2 threads per core) family 6 model 58 stepping 9, cmov, cx8, fxsr, mmx, sse, sse2, sse3, ssse3, sse4.1, sse4.2, popcnt, avx, aes, clmul, erms, ht, tsc, tscinvbit, tscinv

Memory: 4k page, physical 8202600k(1668700k free), swap 10778116k(5696k free)

vm_info: Java HotSpot(TM) 64-Bit Server VM (25.101-b13) for windows-amd64 JRE (1.8.0_101-b13), built on Jun 22 2016 01:21:29 by "java_re" with MS VC++ 10.0 (VS2010)

time: Fri Sep 09 22:58:07 2016
elapsed time: 0 seconds (0d 0h 0m 0s)

