#
# There is insufficient memory for the Java Runtime Environment to continue.
# Native memory allocation (malloc) failed to allocate 32744 bytes for ChunkPool::allocate
# Possible reasons:
#   The system is out of physical RAM or swap space
#   In 32 bit mode, the process size limit was hit
# Possible solutions:
#   Reduce memory load on the system
#   Increase physical memory or swap space
#   Check if swap backing store is full
#   Use 64 bit Java on a 64 bit OS
#   Decrease Java heap size (-Xmx/-Xms)
#   Decrease number of Java threads
#   Decrease Java thread stack sizes (-Xss)
#   Set larger code cache with -XX:ReservedCodeCacheSize=
# This output file may be truncated or incomplete.
#
#  Out of Memory Error (allocation.cpp:273), pid=6028, tid=0x00000000000029c0
#
# JRE version: Java(TM) SE Runtime Environment (8.0_101-b13) (build 1.8.0_101-b13)
# Java VM: Java HotSpot(TM) 64-Bit Server VM (25.101-b13 mixed mode windows-amd64 compressed oops)
# Failed to write core dump. Minidumps are not enabled by default on client versions of Windows
#

---------------  T H R E A D  ---------------

Current thread (0x0000000005cfe000):  JavaThread "C1 CompilerThread2" daemon [_thread_in_native, id=10688, stack(0x0000000007500000,0x0000000007600000)]

Stack: [0x0000000007500000,0x0000000007600000]
[error occurred during error reporting (printing stack bounds), id 0xc0000005]

Native frames: (J=compiled Java code, j=interpreted, Vv=VM code, C=native code)


Current CompileTask:
C1:   3872  571   !   3       com.android.dx.cf.code.BytecodeArray::parseInstruction (2764 bytes)


---------------  P R O C E S S  ---------------

Java Threads: ( => current thread )
  0x0000000007888800 JavaThread "pool-2-thread-4" [_thread_blocked, id=9340, stack(0x0000000008000000,0x0000000008100000)]
  0x0000000007887800 JavaThread "pool-2-thread-3" [_thread_blocked, id=10540, stack(0x0000000007f00000,0x0000000008000000)]
  0x0000000007887000 JavaThread "pool-2-thread-2" [_thread_in_Java, id=8844, stack(0x0000000007e00000,0x0000000007f00000)]
  0x0000000007853000 JavaThread "pool-3-thread-1" [_thread_blocked, id=12160, stack(0x0000000007d00000,0x0000000007e00000)]
  0x0000000007852000 JavaThread "pool-2-thread-1" [_thread_in_Java, id=11288, stack(0x0000000007c00000,0x0000000007d00000)]
  0x0000000007605000 JavaThread "Service Thread" daemon [_thread_blocked, id=6948, stack(0x0000000007a00000,0x0000000007b00000)]
=>0x0000000005cfe000 JavaThread "C1 CompilerThread2" daemon [_thread_in_native, id=10688, stack(0x0000000007500000,0x0000000007600000)]
  0x0000000005cfb000 JavaThread "C2 CompilerThread1" daemon [_thread_in_native, id=7756, stack(0x0000000007400000,0x0000000007500000)]
  0x0000000005c9f800 JavaThread "C2 CompilerThread0" daemon [_thread_blocked, id=4856, stack(0x0000000007300000,0x0000000007400000)]
  0x0000000005c9d000 JavaThread "Attach Listener" daemon [_thread_blocked, id=10796, stack(0x0000000007200000,0x0000000007300000)]
  0x0000000005c9b800 JavaThread "Signal Dispatcher" daemon [_thread_blocked, id=11068, stack(0x0000000007100000,0x0000000007200000)]
  0x0000000005c8a000 JavaThread "Finalizer" daemon [_thread_blocked, id=7096, stack(0x0000000006f10000,0x0000000007010000)]
  0x0000000005c69000 JavaThread "Reference Handler" daemon [_thread_blocked, id=10140, stack(0x0000000006e10000,0x0000000006f10000)]
  0x00000000024d0800 JavaThread "main" [_thread_blocked, id=4688, stack(0x00000000022e0000,0x00000000023e0000)]

Other Threads:
  0x0000000005c67000 VMThread [stack: 0x0000000006d10000,0x0000000006e10000] [id=2040]
  0x0000000007629800 WatcherThread [stack: 0x0000000007b00000,0x0000000007c00000] [id=5508]

VM state:not at safepoint (normal execution)

VM Mutex/Monitor currently owned by a thread: None

Heap:
 PSYoungGen      total 37888K, used 17962K [0x00000000eab00000, 0x00000000ed500000, 0x0000000100000000)
  eden space 32768K, 54% used [0x00000000eab00000,0x00000000ebc8ab80,0x00000000ecb00000)
  from space 5120K, 0% used [0x00000000ed000000,0x00000000ed000000,0x00000000ed500000)
  to   space 5120K, 0% used [0x00000000ecb00000,0x00000000ecb00000,0x00000000ed000000)
 ParOldGen       total 86016K, used 0K [0x00000000c0000000, 0x00000000c5400000, 0x00000000eab00000)
  object space 86016K, 0% used [0x00000000c0000000,0x00000000c0000000,0x00000000c5400000)
 Metaspace       used 5483K, capacity 6448K, committed 6528K, reserved 1056768K
  class space    used 592K, capacity 616K, committed 640K, reserved 1048576K

Card table byte_map: [0x0000000002990000,0x0000000002ba0000] byte_map_base: 0x0000000002390000

Marking Bits: (ParMarkBitMap*) 0x000000006b3ea6d0
 Begin Bits: [0x0000000003100000, 0x0000000004100000)
 End Bits:   [0x0000000004100000, 0x0000000005100000)

Polling page: 0x00000000007c0000

CodeCache: size=245760Kb used=2290Kb max_used=2302Kb free=243469Kb
 bounds [0x000000000f010000, 0x000000000f280000, 0x000000001e010000]
 total_blobs=840 nmethods=571 adapters=182
 compilation: enabled

Compilation events (10 events):
Event: 3.856 Thread 0x0000000005cfe000 nmethod 568 0x000000000f24c150 code [0x000000000f24c2c0, 0x000000000f24c588]
Event: 3.856 Thread 0x0000000005cfe000  565   !   3       com.android.dx.cf.code.BaseMachine::arg (36 bytes)
Event: 3.856 Thread 0x0000000005cfe000 nmethod 565 0x000000000f24c690 code [0x000000000f24c820, 0x000000000f24cb78]
Event: 3.856 Thread 0x0000000005cfe000  567       3       com.android.dx.util.IntList::sort (29 bytes)
Event: 3.857 Thread 0x0000000005cfe000 nmethod 567 0x000000000f24cd50 code [0x000000000f24cf00, 0x000000000f24d3a8]
Event: 3.857 Thread 0x0000000005cfe000  570       3       com.android.dx.cf.code.BasicBlocker::addWorkIfNecessary (32 bytes)
Event: 3.857 Thread 0x0000000005cfe000 nmethod 570 0x000000000f24d590 code [0x000000000f24d720, 0x000000000f24daf0]
Event: 3.857 Thread 0x0000000005cfe000  571   !   3       com.android.dx.cf.code.BytecodeArray::parseInstruction (2764 bytes)
Event: 3.861 Thread 0x0000000005c9f800  578       4       java.util.ArrayList::add (29 bytes)
Event: 3.866 Thread 0x0000000005c9f800 nmethod 578 0x000000000f250d50 code [0x000000000f250ea0, 0x000000000f2511d8]

GC Heap History (0 events):
No events

Deoptimization events (1 events):
Event: 2.605 Thread 0x00000000024d0800 Uncommon trap: reason=unstable_if action=reinterpret pc=0x000000000f164414 method=java.lang.String.compareTo(Ljava/lang/String;)I @ 38

Internal exceptions (2 events):
Event: 0.975 Thread 0x00000000024d0800 Exception <a 'java/lang/NoSuchMethodError': Method sun.misc.Unsafe.defineClass(Ljava/lang/String;[BII)Ljava/lang/Class; name or signature does not match> (0x00000000eab07cc0) thrown at [C:\re\workspace\8-2-build-windows-amd64-cygwin\jdk8u101\7261\hotspot\s“~'Ká4Ô?
Event: 0.975 Thread 0x00000000024d0800 Exception <a 'java/lang/NoSuchMethodError': Method sun.misc.Unsafe.prefetchRead(Ljava/lang/Object;J)V name or signature does not match> (0x00000000eab07fa8) thrown at [C:\re\workspace\8-2-build-windows-amd64-cygwin\jdk8u101\7261\hotspot\src\share\vm\prims\

Events (10 events):
Event: 3.771 loading class com/android/dx/cf/code/Ropper$ExceptionHandlerSetup
Event: 3.771 loading class com/android/dx/cf/code/Ropper$ExceptionHandlerSetup done
Event: 3.778 loading class java/util/HashMap$Values
Event: 3.778 loading class java/util/HashMap$Values done
Event: 3.778 loading class java/util/HashMap$ValueIterator
Event: 3.778 loading class java/util/HashMap$ValueIterator done
Event: 3.785 loading class com/android/dx/ssa/PhiInsn$Operand
Event: 3.785 loading class com/android/dx/ssa/PhiInsn$Operand done
Event: 3.796 loading class com/android/dx/ssa/back/FirstFitLocalCombiningAllocator$Multiset
Event: 3.796 loading class com/android/dx/ssa/back/FirstFitLocalCombiningAllocator$Multiset done


Dynamic libraries:
0x00007ff782100000 - 0x00007ff782137000 	C:\Program Files\Java\jdk1.8.0_101\bin\java.exe
0x00007ffcdf4b0000 - 0x00007ffcdf671000 	C:\Windows\SYSTEM32\ntdll.dll
0x00007ffcdebc0000 - 0x00007ffcdec6d000 	C:\Windows\system32\KERNEL32.DLL
0x00007ffcdbdc0000 - 0x00007ffcdbfa8000 	C:\Windows\system32\KERNELBASE.dll
0x00007ffcdf400000 - 0x00007ffcdf4a7000 	C:\Windows\system32\ADVAPI32.dll
0x00007ffcdd280000 - 0x00007ffcdd31d000 	C:\Windows\system32\msvcrt.dll
0x00007ffcdedb0000 - 0x00007ffcdee0b000 	C:\Windows\system32\sechost.dll
0x00007ffcdec70000 - 0x00007ffcded8c000 	C:\Windows\system32\RPCRT4.dll
0x00007ffcdd3a0000 - 0x00007ffcdd4f6000 	C:\Windows\system32\USER32.dll
0x00007ffcdcfe0000 - 0x00007ffcdd166000 	C:\Windows\system32\GDI32.dll
0x00007ffcd8000000 - 0x00007ffcd8274000 	C:\Windows\WinSxS\amd64_microsoft.windows.common-controls_6595b64144ccf1df_6.0.10586.494_none_a2d8b04ea53e3145\COMCTL32.dll
0x00007ffcdf070000 - 0x00007ffcdf2ed000 	C:\Windows\system32\combase.dll
0x00007ffcdbb60000 - 0x00007ffcdbbca000 	C:\Windows\system32\bcryptPrimitives.dll
0x00007ffcdf2f0000 - 0x00007ffcdf32b000 	C:\Windows\system32\IMM32.DLL
0x00007ffcdb9c0000 - 0x00007ffcdb9f1000 	C:\Windows\system32\nvinitx.dll
0x00007ffcdb9b0000 - 0x00007ffcdb9ba000 	C:\Windows\SYSTEM32\VERSION.dll
0x000000000f000000 - 0x000000000f006000 	C:\Program Files\NVIDIA Corporation\CoProcManager\_etoured.dll
0x00007ffcd9eb0000 - 0x00007ffcd9ee2000 	C:\Program Files\NVIDIA Corporation\CoProcManager\nvd3d9wrapx.dll
0x00007ffcdca00000 - 0x00007ffcdce29000 	C:\Windows\system32\SETUPAPI.dll
0x00007ffcdc6b0000 - 0x00007ffcdc6f3000 	C:\Windows\system32\CFGMGR32.dll
0x00007ffcd93b0000 - 0x00007ffcd93d2000 	C:\Program Files\NVIDIA Corporation\CoProcManager\nvdxgiwrapx.dll
0x000000006a6f0000 - 0x000000006a7c2000 	C:\Program Files\Java\jdk1.8.0_101\jre\bin\msvcr100.dll
0x000000006abd0000 - 0x000000006b46a000 	C:\Program Files\Java\jdk1.8.0_101\jre\bin\server\jvm.dll
0x00007ffcdd320000 - 0x00007ffcdd328000 	C:\Windows\system32\PSAPI.DLL
0x00007ffcd5540000 - 0x00007ffcd5549000 	C:\Windows\SYSTEM32\WSOCK32.dll
0x00007ffcdd330000 - 0x00007ffcdd39b000 	C:\Windows\system32\WS2_32.dll
0x00007ffcd9e30000 - 0x00007ffcd9e53000 	C:\Windows\SYSTEM32\WINMM.dll
0x00007ffcd9e00000 - 0x00007ffcd9e2c000 	C:\Windows\SYSTEM32\WINMMBASE.dll
0x000000006abc0000 - 0x000000006abcf000 	C:\Program Files\Java\jdk1.8.0_101\jre\bin\verify.dll
0x000000006ab90000 - 0x000000006abb9000 	C:\Program Files\Java\jdk1.8.0_101\jre\bin\java.dll
0x000000006ab70000 - 0x000000006ab86000 	C:\Program Files\Java\jdk1.8.0_101\jre\bin\zip.dll
0x00007ffcdd500000 - 0x00007ffcdea5c000 	C:\Windows\system32\SHELL32.dll
0x00007ffcdbfb0000 - 0x00007ffcdc5f5000 	C:\Windows\system32\windows.storage.dll
0x00007ffcdf010000 - 0x00007ffcdf062000 	C:\Windows\system32\shlwapi.dll
0x00007ffcdbb00000 - 0x00007ffcdbb0f000 	C:\Windows\system32\kernel.appcore.dll
0x00007ffcdc700000 - 0x00007ffcdc7b5000 	C:\Windows\system32\shcore.dll
0x00007ffcdbb10000 - 0x00007ffcdbb5b000 	C:\Windows\system32\powrprof.dll
0x00007ffcdbad0000 - 0x00007ffcdbae4000 	C:\Windows\system32\profapi.dll

VM Arguments:
jvm_args: -Djava.awt.headless=true -Xmx1024M -Dfile.encoding=windows-1251 -Duser.country=RU -Duser.language=ru -Duser.variant 
java_command: com.android.dx.command.Main --dex --force-jumbo --num-threads=4 --multi-dex --output D:\AndroidStudioProjects\MyFirstApplication\app\build\intermediates\transforms\dex\debug\folders\1000\10\internal_impl-24.1.1_14976e81929c40222d2ac819a404051c62030f18 D:\AndroidStudioProjects\MyFirstApplication\app\build\intermediates\exploded-aar\com.android.support\support-v4\24.1.1\jars\libs\internal_impl-24.1.1.jar
java_class_path (initial): C:\Program Files\Java\jdk1.8.0_101\build-tools\24.0.1\lib\dx.jar
Launcher Type: SUN_STANDARD

Environment Variables:
JAVA_HOME=C:\Program Files\Java\jdk1.8.0_101
PATH=C:\ProgramData\Oracle\Java\javapath;C:\Windows\system32;C:\Windows;C:\Windows\System32\Wbem;C:\Windows\System32\WindowsPowerShell\v1.0\;C:\Program Files\Java\jdk1.8.0_101\bin
USERNAME=ÌËÍ‡
OS=Windows_NT
PROCESSOR_IDENTIFIER=Intel64 Family 6 Model 58 Stepping 9, GenuineIntel



---------------  S Y S T E M  ---------------

OS: Windows 10.0 , 64 bit Build 10586 (10.0.10586.0)

CPU:total 4 (2 cores per cpu, 2 threads per core) family 6 model 58 stepping 9, cmov, cx8, fxsr, mmx, sse, sse2, sse3, ssse3, sse4.1, sse4.2, popcnt, avx, aes, clmul, erms, ht, tsc, tscinvbit, tscinv

Memory: 4k page, physical 8202600k(1274060k free), swap 10778116k(4308k free)

vm_info: Java HotSpot(TM) 64-Bit Server VM (25.101-b13) for windows-amd64 JRE (1.8.0_101-b13), built on Jun 22 2016 01:21:29 by "java_re" with MS VC++ 10.0 (VS2010)

time: Fri Sep 09 22:46:12 2016
elapsed time: 3 seconds (0d 0h 0m 3s)

