#
# There is insufficient memory for the Java Runtime Environment to continue.
# Native memory allocation (malloc) failed to allocate 569376 bytes for Chunk::new
# Possible reasons:
#   The system is out of physical RAM or swap space
#   In 32 bit mode, the process size limit was hit
# Possible solutions:
#   Reduce memory load on the system
#   Increase physical memory or swap space
#   Check if swap backing store is full
#   Use 64 bit Java on a 64 bit OS
#   Decrease Java heap size (-Xmx/-Xms)
#   Decrease number of Java threads
#   Decrease Java thread stack sizes (-Xss)
#   Set larger code cache with -XX:ReservedCodeCacheSize=
# This output file may be truncated or incomplete.
#
#  Out of Memory Error (allocation.cpp:390), pid=8684, tid=0x00000000000014b0
#
# JRE version: Java(TM) SE Runtime Environment (8.0_101-b13) (build 1.8.0_101-b13)
# Java VM: Java HotSpot(TM) 64-Bit Server VM (25.101-b13 mixed mode windows-amd64 compressed oops)
# Failed to write core dump. Minidumps are not enabled by default on client versions of Windows
#

---------------  T H R E A D  ---------------

Current thread (0x000000000636f800):  JavaThread "C2 CompilerThread0" daemon [_thread_in_native, id=5296, stack(0x00000000079e0000,0x0000000007ae0000)]

Stack: [0x00000000079e0000,0x0000000007ae0000]
[error occurred during error reporting (printing stack bounds), id 0xc0000005]

Native frames: (J=compiled Java code, j=interpreted, Vv=VM code, C=native code)


Current CompileTask:
C2:  15645 2543       4       com.android.dx.dex.code.OutputFinisher::addConstants (93 bytes)


---------------  P R O C E S S  ---------------

Java Threads: ( => current thread )
  0x0000000007f93800 JavaThread "pool-1-thread-1" [_thread_in_Java, id=8272, stack(0x000000000af80000,0x000000000b080000)]
  0x0000000007beb000 JavaThread "Service Thread" daemon [_thread_blocked, id=9532, stack(0x00000000080e0000,0x00000000081e0000)]
  0x0000000007be8800 JavaThread "C1 CompilerThread2" daemon [_thread_blocked, id=4456, stack(0x0000000007fe0000,0x00000000080e0000)]
  0x0000000006372000 JavaThread "C2 CompilerThread1" daemon [_thread_in_native, id=7808, stack(0x0000000007ae0000,0x0000000007be0000)]
=>0x000000000636f800 JavaThread "C2 CompilerThread0" daemon [_thread_in_native, id=5296, stack(0x00000000079e0000,0x0000000007ae0000)]
  0x000000000636d000 JavaThread "Attach Listener" daemon [_thread_blocked, id=4524, stack(0x00000000078e0000,0x00000000079e0000)]
  0x000000000636b800 JavaThread "Signal Dispatcher" daemon [_thread_blocked, id=8604, stack(0x00000000077e0000,0x00000000078e0000)]
  0x000000000635a000 JavaThread "Finalizer" daemon [_thread_blocked, id=8, stack(0x00000000075f0000,0x00000000076f0000)]
  0x0000000006339000 JavaThread "Reference Handler" daemon [_thread_blocked, id=10692, stack(0x00000000074f0000,0x00000000075f0000)]
  0x0000000002ba0800 JavaThread "main" [_thread_blocked, id=8456, stack(0x0000000002aa0000,0x0000000002ba0000)]

Other Threads:
  0x0000000006337000 VMThread [stack: 0x00000000073f0000,0x00000000074f0000] [id=6728]
  0x0000000007bee800 WatcherThread [stack: 0x00000000081e0000,0x00000000082e0000] [id=9872]

VM state:not at safepoint (normal execution)

VM Mutex/Monitor currently owned by a thread: None

Heap:
 PSYoungGen      total 285696K, used 110002K [0x00000000eab00000, 0x00000000feb00000, 0x0000000100000000)
  eden space 257536K, 32% used [0x00000000eab00000,0x00000000efce7090,0x00000000fa680000)
  from space 28160K, 92% used [0x00000000fc680000,0x00000000fe005ac8,0x00000000fe200000)
  to   space 32768K, 0% used [0x00000000fa680000,0x00000000fa680000,0x00000000fc680000)
 ParOldGen       total 86016K, used 43622K [0x00000000c0000000, 0x00000000c5400000, 0x00000000eab00000)
  object space 86016K, 50% used [0x00000000c0000000,0x00000000c2a99a20,0x00000000c5400000)
 Metaspace       used 6668K, capacity 7320K, committed 7680K, reserved 1056768K
  class space    used 631K, capacity 656K, committed 768K, reserved 1048576K

Card table byte_map: [0x0000000003060000,0x0000000003270000] byte_map_base: 0x0000000002a60000

Marking Bits: (ParMarkBitMap*) 0x000000006b3ea6d0
 Begin Bits: [0x00000000037d0000, 0x00000000047d0000)
 End Bits:   [0x00000000047d0000, 0x00000000057d0000)

Polling page: 0x0000000000ec0000

CodeCache: size=245760Kb used=12694Kb max_used=12717Kb free=233065Kb
 bounds [0x000000000f010000, 0x000000000fc90000, 0x000000001e010000]
 total_blobs=2722 nmethods=2452 adapters=182
 compilation: enabled

Compilation events (10 events):
Event: 15.511 Thread 0x0000000007be8800 2547       2       java.util.HashMap$KeySet::iterator (12 bytes)
Event: 15.511 Thread 0x0000000007be8800 nmethod 2547 0x000000000fc72010 code [0x000000000fc72180, 0x000000000fc72368]
Event: 15.514 Thread 0x0000000007be8800 2548       2       com.android.dx.dex.file.DebugInfoItem::<init> (36 bytes)
Event: 15.514 Thread 0x0000000007be8800 nmethod 2548 0x000000000fc72410 code [0x000000000fc72580, 0x000000000fc727f8]
Event: 15.573 Thread 0x000000000636f800 nmethod 2511 0x000000000fc79b50 code [0x000000000fc79ec0, 0x000000000fc7e300]
Event: 15.574 Thread 0x000000000636f800 2544       4       java.util.HashMap::put (13 bytes)
Event: 15.586 Thread 0x000000000636f800 nmethod 2544 0x000000000fc75610 code [0x000000000fc757c0, 0x000000000fc75fb0]
Event: 15.586 Thread 0x000000000636f800 2543       4       com.android.dx.dex.code.OutputFinisher::addConstants (93 bytes)
Event: 15.633 Thread 0x0000000007be8800 2550       3       java.util.HashMap::put (13 bytes)
Event: 15.633 Thread 0x0000000007be8800 nmethod 2550 0x000000000fc74f90 code [0x000000000fc75120, 0x000000000fc754d8]

GC Heap History (10 events):
Event: 4.028 GC heap before
{Heap before GC invocations=2 (full 0):
 PSYoungGen      total 37888K, used 37784K [0x00000000eab00000, 0x00000000ef500000, 0x0000000100000000)
  eden space 32768K, 100% used [0x00000000eab00000,0x00000000ecb00000,0x00000000ecb00000)
  from space 5120K, 97% used [0x00000000ecb00000,0x00000000ecfe6378,0x00000000ed000000)
  to   space 5120K, 0% used [0x00000000ef000000,0x00000000ef000000,0x00000000ef500000)
 ParOldGen       total 86016K, used 16K [0x00000000c0000000, 0x00000000c5400000, 0x00000000eab00000)
  object space 86016K, 0% used [0x00000000c0000000,0x00000000c0004000,0x00000000c5400000)
 Metaspace       used 6196K, capacity 7090K, committed 7296K, reserved 1056768K
  class space    used 604K, capacity 618K, committed 640K, reserved 1048576K
Event: 4.040 GC heap after
Heap after GC invocations=2 (full 0):
 PSYoungGen      total 70656K, used 5091K [0x00000000eab00000, 0x00000000ef500000, 0x0000000100000000)
  eden space 65536K, 0% used [0x00000000eab00000,0x00000000eab00000,0x00000000eeb00000)
  from space 5120K, 99% used [0x00000000ef000000,0x00000000ef4f8e30,0x00000000ef500000)
  to   space 5120K, 0% used [0x00000000eeb00000,0x00000000eeb00000,0x00000000ef000000)
 ParOldGen       total 86016K, used 3122K [0x00000000c0000000, 0x00000000c5400000, 0x00000000eab00000)
  object space 86016K, 3% used [0x00000000c0000000,0x00000000c030c928,0x00000000c5400000)
 Metaspace       used 6196K, capacity 7090K, committed 7296K, reserved 1056768K
  class space    used 604K, capacity 618K, committed 640K, reserved 1048576K
}
Event: 8.075 GC heap before
{Heap before GC invocations=3 (full 0):
 PSYoungGen      total 70656K, used 70627K [0x00000000eab00000, 0x00000000ef500000, 0x0000000100000000)
  eden space 65536K, 100% used [0x00000000eab00000,0x00000000eeb00000,0x00000000eeb00000)
  from space 5120K, 99% used [0x00000000ef000000,0x00000000ef4f8e30,0x00000000ef500000)
  to   space 5120K, 0% used [0x00000000eeb00000,0x00000000eeb00000,0x00000000ef000000)
 ParOldGen       total 86016K, used 3122K [0x00000000c0000000, 0x00000000c5400000, 0x00000000eab00000)
  object space 86016K, 3% used [0x00000000c0000000,0x00000000c030c928,0x00000000c5400000)
 Metaspace       used 6265K, capacity 7090K, committed 7296K, reserved 1056768K
  class space    used 605K, capacity 618K, committed 640K, reserved 1048576K
Event: 8.182 GC heap after
Heap after GC invocations=3 (full 0):
 PSYoungGen      total 70656K, used 5098K [0x00000000eab00000, 0x00000000f3500000, 0x0000000100000000)
  eden space 65536K, 0% used [0x00000000eab00000,0x00000000eab00000,0x00000000eeb00000)
  from space 5120K, 99% used [0x00000000eeb00000,0x00000000eeffa968,0x00000000ef000000)
  to   space 5120K, 0% used [0x00000000f3000000,0x00000000f3000000,0x00000000f3500000)
 ParOldGen       total 86016K, used 12002K [0x00000000c0000000, 0x00000000c5400000, 0x00000000eab00000)
  object space 86016K, 13% used [0x00000000c0000000,0x00000000c0bb8918,0x00000000c5400000)
 Metaspace       used 6265K, capacity 7090K, committed 7296K, reserved 1056768K
  class space    used 605K, capacity 618K, committed 640K, reserved 1048576K
}
Event: 9.778 GC heap before
{Heap before GC invocations=4 (full 0):
 PSYoungGen      total 70656K, used 70634K [0x00000000eab00000, 0x00000000f3500000, 0x0000000100000000)
  eden space 65536K, 100% used [0x00000000eab00000,0x00000000eeb00000,0x00000000eeb00000)
  from space 5120K, 99% used [0x00000000eeb00000,0x00000000eeffa968,0x00000000ef000000)
  to   space 5120K, 0% used [0x00000000f3000000,0x00000000f3000000,0x00000000f3500000)
 ParOldGen       total 86016K, used 12002K [0x00000000c0000000, 0x00000000c5400000, 0x00000000eab00000)
  object space 86016K, 13% used [0x00000000c0000000,0x00000000c0bb8918,0x00000000c5400000)
 Metaspace       used 6350K, capacity 7154K, committed 7296K, reserved 1056768K
  class space    used 605K, capacity 618K, committed 640K, reserved 1048576K
Event: 9.813 GC heap after
Heap after GC invocations=4 (full 0):
 PSYoungGen      total 136192K, used 5096K [0x00000000eab00000, 0x00000000f3500000, 0x0000000100000000)
  eden space 131072K, 0% used [0x00000000eab00000,0x00000000eab00000,0x00000000f2b00000)
  from space 5120K, 99% used [0x00000000f3000000,0x00000000f34fa2a8,0x00000000f3500000)
  to   space 5120K, 0% used [0x00000000f2b00000,0x00000000f2b00000,0x00000000f3000000)
 ParOldGen       total 86016K, used 22592K [0x00000000c0000000, 0x00000000c5400000, 0x00000000eab00000)
  object space 86016K, 26% used [0x00000000c0000000,0x00000000c1610130,0x00000000c5400000)
 Metaspace       used 6350K, capacity 7154K, committed 7296K, reserved 1056768K
  class space    used 605K, capacity 618K, committed 640K, reserved 1048576K
}
Event: 12.991 GC heap before
{Heap before GC invocations=5 (full 0):
 PSYoungGen      total 136192K, used 136168K [0x00000000eab00000, 0x00000000f3500000, 0x0000000100000000)
  eden space 131072K, 100% used [0x00000000eab00000,0x00000000f2b00000,0x00000000f2b00000)
  from space 5120K, 99% used [0x00000000f3000000,0x00000000f34fa2a8,0x00000000f3500000)
  to   space 5120K, 0% used [0x00000000f2b00000,0x00000000f2b00000,0x00000000f3000000)
 ParOldGen       total 86016K, used 22592K [0x00000000c0000000, 0x00000000c5400000, 0x00000000eab00000)
  object space 86016K, 26% used [0x00000000c0000000,0x00000000c1610130,0x00000000c5400000)
 Metaspace       used 6519K, capacity 7256K, committed 7424K, reserved 1056768K
  class space    used 625K, capacity 656K, committed 768K, reserved 1048576K
Event: 13.092 GC heap after
Heap after GC invocations=5 (full 0):
 PSYoungGen      total 136192K, used 5097K [0x00000000eab00000, 0x00000000fe200000, 0x0000000100000000)
  eden space 131072K, 0% used [0x00000000eab00000,0x00000000eab00000,0x00000000f2b00000)
  from space 5120K, 99% used [0x00000000f2b00000,0x00000000f2ffa488,0x00000000f3000000)
  to   space 28160K, 0% used [0x00000000fc680000,0x00000000fc680000,0x00000000fe200000)
 ParOldGen       total 86016K, used 43622K [0x00000000c0000000, 0x00000000c5400000, 0x00000000eab00000)
  object space 86016K, 50% used [0x00000000c0000000,0x00000000c2a99a20,0x00000000c5400000)
 Metaspace       used 6519K, capacity 7256K, committed 7424K, reserved 1056768K
  class space    used 625K, capacity 656K, committed 768K, reserved 1048576K
}
Event: 14.026 GC heap before
{Heap before GC invocations=6 (full 0):
 PSYoungGen      total 136192K, used 136169K [0x00000000eab00000, 0x00000000fe200000, 0x0000000100000000)
  eden space 131072K, 100% used [0x00000000eab00000,0x00000000f2b00000,0x00000000f2b00000)
  from space 5120K, 99% used [0x00000000f2b00000,0x00000000f2ffa488,0x00000000f3000000)
  to   space 28160K, 0% used [0x00000000fc680000,0x00000000fc680000,0x00000000fe200000)
 ParOldGen       total 86016K, used 43622K [0x00000000c0000000, 0x00000000c5400000, 0x00000000eab00000)
  object space 86016K, 50% used [0x00000000c0000000,0x00000000c2a99a20,0x00000000c5400000)
 Metaspace       used 6564K, capacity 7256K, committed 7424K, reserved 1056768K
  class space    used 625K, capacity 656K, committed 768K, reserved 1048576K
Event: 14.245 GC heap after
Heap after GC invocations=6 (full 0):
 PSYoungGen      total 285696K, used 26134K [0x00000000eab00000, 0x00000000feb00000, 0x0000000100000000)
  eden space 257536K, 0% used [0x00000000eab00000,0x00000000eab00000,0x00000000fa680000)
  from space 28160K, 92% used [0x00000000fc680000,0x00000000fe005ac8,0x00000000fe200000)
  to   space 32768K, 0% used [0x00000000fa680000,0x00000000fa680000,0x00000000fc680000)
 ParOldGen       total 86016K, used 43622K [0x00000000c0000000, 0x00000000c5400000, 0x00000000eab00000)
  object space 86016K, 50% used [0x00000000c0000000,0x00000000c2a99a20,0x00000000c5400000)
 Metaspace       used 6564K, capacity 7256K, committed 7424K, reserved 1056768K
  class space    used 625K, capacity 656K, committed 768K, reserved 1048576K
}

Deoptimization events (10 events):
Event: 14.692 Thread 0x0000000007e64800 Uncommon trap: reason=class_check action=maybe_recompile pc=0x000000000fc0f750 method=com.android.dx.cf.code.BytecodeArray.parseInstruction(ILcom/android/dx/cf/code/BytecodeArray$Visitor;)I @ 971
Event: 14.998 Thread 0x0000000007e64800 Uncommon trap: reason=class_check action=maybe_recompile pc=0x000000000f9f2f28 method=com.android.dx.ssa.SCCP.replaceConstants()V @ 127
Event: 15.007 Thread 0x0000000007e64800 Uncommon trap: reason=class_check action=maybe_recompile pc=0x000000000f9f2f28 method=com.android.dx.ssa.SCCP.replaceConstants()V @ 127
Event: 15.337 Thread 0x0000000007f93800 Uncommon trap: reason=class_check action=maybe_recompile pc=0x000000000f436408 method=java.util.Arrays.hashCode([Ljava/lang/Object;)I @ 43
Event: 15.337 Thread 0x0000000007f93800 Uncommon trap: reason=class_check action=maybe_recompile pc=0x000000000f436408 method=java.util.Arrays.hashCode([Ljava/lang/Object;)I @ 43
Event: 15.337 Thread 0x0000000007f93800 Uncommon trap: reason=class_check action=maybe_recompile pc=0x000000000f436408 method=java.util.Arrays.hashCode([Ljava/lang/Object;)I @ 43
Event: 15.337 Thread 0x0000000007f93800 Uncommon trap: reason=class_check action=maybe_recompile pc=0x000000000f436408 method=java.util.Arrays.hashCode([Ljava/lang/Object;)I @ 43
Event: 15.337 Thread 0x0000000007f93800 Uncommon trap: reason=class_check action=maybe_recompile pc=0x000000000f433d74 method=java.util.Arrays.hashCode([Ljava/lang/Object;)I @ 43
Event: 15.449 Thread 0x0000000007f93800 Uncommon trap: reason=class_check action=maybe_recompile pc=0x000000000f3ea4c8 method=java.util.HashMap.putVal(ILjava/lang/Object;Ljava/lang/Object;ZZ)Ljava/lang/Object; @ 203
Event: 15.590 Thread 0x0000000007f93800 Uncommon trap: reason=unstable_if action=reinterpret pc=0x000000000fc75f08 method=java.util.HashMap.putVal(ILjava/lang/Object;Ljava/lang/Object;ZZ)Ljava/lang/Object; @ 206

Internal exceptions (8 events):
Event: 0.049 Thread 0x0000000002ba0800 Exception <a 'java/lang/NoSuchMethodError': Method sun.misc.Unsafe.defineClass(Ljava/lang/String;[BII)Ljava/lang/Class; name or signature does not match> (0x00000000eab07cc0) thrown at [C:\re\workspace\8-2-build-windows-amd64-cygwin\jdk8u101\7261\hotspot\sOjhÈ©?
Event: 0.049 Thread 0x0000000002ba0800 Exception <a 'java/lang/NoSuchMethodError': Method sun.misc.Unsafe.prefetchRead(Ljava/lang/Object;J)V name or signature does not match> (0x00000000eab07fa8) thrown at [C:\re\workspace\8-2-build-windows-amd64-cygwin\jdk8u101\7261\hotspot\src\share\vm\prims\—Êwv÷?
Event: 1.443 Thread 0x0000000002ba0800 Implicit null exception at 0x000000000f2fbc62 to 0x000000000f2fbd61
Event: 8.475 Thread 0x0000000007f96800 Implicit null exception at 0x000000000f7e0893 to 0x000000000f7e1fd9
Event: 11.595 Thread 0x0000000002ba0800 Implicit null exception at 0x000000000f5b0b78 to 0x000000000f5b20d1
Event: 12.053 Thread 0x0000000007f95800 Exception <a 'java/lang/ArrayIndexOutOfBoundsException': 18> (0x00000000efa2d978) thrown at [C:\re\workspace\8-2-build-windows-amd64-cygwin\jdk8u101\7261\hotspot\src\share\vm\interpreter\interpreterRuntime.cpp, line 366]
Event: 12.053 Thread 0x0000000007f95800 Exception <a 'java/lang/ArrayIndexOutOfBoundsException': 145> (0x00000000efa2f4f8) thrown at [C:\re\workspace\8-2-build-windows-amd64-cygwin\jdk8u101\7261\hotspot\src\share\vm\interpreter\interpreterRuntime.cpp, line 366]
Event: 12.055 Thread 0x0000000007f95800 Exception <a 'java/lang/ArrayIndexOutOfBoundsException'> (0x00000000efa307e0) thrown at [C:\re\workspace\8-2-build-windows-amd64-cygwin\jdk8u101\7261\hotspot\src\share\vm\runtime\sharedRuntime.cpp, line 605]

Events (10 events):
Event: 15.337 loading class com/android/dx/rop/cst/Zeroes
Event: 15.337 loading class com/android/dx/rop/cst/Zeroes done
Event: 15.449 Thread 0x0000000007f93800 Uncommon trap: trap_request=0xffffffde fr.pc=0x000000000f3ea4c8
Event: 15.449 Thread 0x0000000007f93800 DEOPT PACKING pc=0x000000000f3ea4c8 sp=0x000000000b07e7b0
Event: 15.449 Thread 0x0000000007f93800 DEOPT UNPACKING pc=0x000000000f05582a sp=0x000000000b07e6d0 mode 2
Event: 15.492 loading class com/android/dx/dex/file/CatchStructs
Event: 15.492 loading class com/android/dx/dex/file/CatchStructs done
Event: 15.590 Thread 0x0000000007f93800 Uncommon trap: trap_request=0xffffff65 fr.pc=0x000000000fc75f08
Event: 15.590 Thread 0x0000000007f93800 DEOPT PACKING pc=0x000000000fc75f08 sp=0x000000000b07e650
Event: 15.590 Thread 0x0000000007f93800 DEOPT UNPACKING pc=0x000000000f05582a sp=0x000000000b07e578 mode 2


Dynamic libraries:
0x00007ff782100000 - 0x00007ff782137000 	C:\Program Files\Java\jdk1.8.0_101\bin\java.exe
0x00007ffcdf4b0000 - 0x00007ffcdf671000 	C:\Windows\SYSTEM32\ntdll.dll
0x00007ffcdebc0000 - 0x00007ffcdec6d000 	C:\Windows\system32\KERNEL32.DLL
0x00007ffcdbdc0000 - 0x00007ffcdbfa8000 	C:\Windows\system32\KERNELBASE.dll
0x00007ffcdf400000 - 0x00007ffcdf4a7000 	C:\Windows\system32\ADVAPI32.dll
0x00007ffcdd280000 - 0x00007ffcdd31d000 	C:\Windows\system32\msvcrt.dll
0x00007ffcdedb0000 - 0x00007ffcdee0b000 	C:\Windows\system32\sechost.dll
0x00007ffcdec70000 - 0x00007ffcded8c000 	C:\Windows\system32\RPCRT4.dll
0x00007ffcdd3a0000 - 0x00007ffcdd4f6000 	C:\Windows\system32\USER32.dll
0x00007ffcdcfe0000 - 0x00007ffcdd166000 	C:\Windows\system32\GDI32.dll
0x00007ffcd8000000 - 0x00007ffcd8274000 	C:\Windows\WinSxS\amd64_microsoft.windows.common-controls_6595b64144ccf1df_6.0.10586.494_none_a2d8b04ea53e3145\COMCTL32.dll
0x00007ffcdf070000 - 0x00007ffcdf2ed000 	C:\Windows\system32\combase.dll
0x00007ffcdbb60000 - 0x00007ffcdbbca000 	C:\Windows\system32\bcryptPrimitives.dll
0x00007ffcdf2f0000 - 0x00007ffcdf32b000 	C:\Windows\system32\IMM32.DLL
0x00007ffcdb9c0000 - 0x00007ffcdb9f1000 	C:\Windows\system32\nvinitx.dll
0x00007ffcdb9b0000 - 0x00007ffcdb9ba000 	C:\Windows\SYSTEM32\VERSION.dll
0x000000000f000000 - 0x000000000f006000 	C:\Program Files\NVIDIA Corporation\CoProcManager\_etoured.dll
0x00007ffcd9eb0000 - 0x00007ffcd9ee2000 	C:\Program Files\NVIDIA Corporation\CoProcManager\nvd3d9wrapx.dll
0x00007ffcdca00000 - 0x00007ffcdce29000 	C:\Windows\system32\SETUPAPI.dll
0x00007ffcdc6b0000 - 0x00007ffcdc6f3000 	C:\Windows\system32\CFGMGR32.dll
0x00007ffcd93b0000 - 0x00007ffcd93d2000 	C:\Program Files\NVIDIA Corporation\CoProcManager\nvdxgiwrapx.dll
0x000000006a6f0000 - 0x000000006a7c2000 	C:\Program Files\Java\jdk1.8.0_101\jre\bin\msvcr100.dll
0x000000006abd0000 - 0x000000006b46a000 	C:\Program Files\Java\jdk1.8.0_101\jre\bin\server\jvm.dll
0x00007ffcdd320000 - 0x00007ffcdd328000 	C:\Windows\system32\PSAPI.DLL
0x00007ffcd5540000 - 0x00007ffcd5549000 	C:\Windows\SYSTEM32\WSOCK32.dll
0x00007ffcdd330000 - 0x00007ffcdd39b000 	C:\Windows\system32\WS2_32.dll
0x00007ffcd9e30000 - 0x00007ffcd9e53000 	C:\Windows\SYSTEM32\WINMM.dll
0x00007ffcd9e00000 - 0x00007ffcd9e2c000 	C:\Windows\SYSTEM32\WINMMBASE.dll
0x000000006abc0000 - 0x000000006abcf000 	C:\Program Files\Java\jdk1.8.0_101\jre\bin\verify.dll
0x000000006ab90000 - 0x000000006abb9000 	C:\Program Files\Java\jdk1.8.0_101\jre\bin\java.dll
0x000000006ab70000 - 0x000000006ab86000 	C:\Program Files\Java\jdk1.8.0_101\jre\bin\zip.dll
0x00007ffcdd500000 - 0x00007ffcdea5c000 	C:\Windows\system32\SHELL32.dll
0x00007ffcdbfb0000 - 0x00007ffcdc5f5000 	C:\Windows\system32\windows.storage.dll
0x00007ffcdf010000 - 0x00007ffcdf062000 	C:\Windows\system32\shlwapi.dll
0x00007ffcdbb00000 - 0x00007ffcdbb0f000 	C:\Windows\system32\kernel.appcore.dll
0x00007ffcdc700000 - 0x00007ffcdc7b5000 	C:\Windows\system32\shcore.dll
0x00007ffcdbb10000 - 0x00007ffcdbb5b000 	C:\Windows\system32\powrprof.dll
0x00007ffcdbad0000 - 0x00007ffcdbae4000 	C:\Windows\system32\profapi.dll

VM Arguments:
jvm_args: -Djava.awt.headless=true -Xmx1024M -Dfile.encoding=windows-1251 -Duser.country=RU -Duser.language=ru -Duser.variant 
java_command: com.android.dx.command.Main --dex --force-jumbo --num-threads=4 --multi-dex --output D:\AndroidStudioProjects\MyFirstApplication\app\build\intermediates\transforms\dex\debug\folders\1000\10\com.android.support-support-v4-24.1.1_f894c026d45f1a1f1b4952e735e077ef1a560e71 D:\AndroidStudioProjects\MyFirstApplication\app\build\intermediates\exploded-aar\com.android.support\support-v4\24.1.1\jars\classes.jar
java_class_path (initial): C:\Program Files\Java\jdk1.8.0_101\build-tools\24.0.1\lib\dx.jar
Launcher Type: SUN_STANDARD

Environment Variables:
JAVA_HOME=C:\Program Files\Java\jdk1.8.0_101
PATH=C:\ProgramData\Oracle\Java\javapath;C:\Windows\system32;C:\Windows;C:\Windows\System32\Wbem;C:\Windows\System32\WindowsPowerShell\v1.0\;C:\Program Files\Java\jdk1.8.0_101\bin
USERNAME=íèêà
OS=Windows_NT
PROCESSOR_IDENTIFIER=Intel64 Family 6 Model 58 Stepping 9, GenuineIntel



---------------  S Y S T E M  ---------------

OS: Windows 10.0 , 64 bit Build 10586 (10.0.10586.0)

CPU:total 4 (2 cores per cpu, 2 threads per core) family 6 model 58 stepping 9, cmov, cx8, fxsr, mmx, sse, sse2, sse3, ssse3, sse4.1, sse4.2, popcnt, avx, aes, clmul, erms, ht, tsc, tscinvbit, tscinv

Memory: 4k page, physical 8202600k(1600452k free), swap 10778116k(5272k free)

vm_info: Java HotSpot(TM) 64-Bit Server VM (25.101-b13) for windows-amd64 JRE (1.8.0_101-b13), built on Jun 22 2016 01:21:29 by "java_re" with MS VC++ 10.0 (VS2010)

time: Fri Sep 09 22:55:23 2016
elapsed time: 15 seconds (0d 0h 0m 15s)

