#
# There is insufficient memory for the Java Runtime Environment to continue.
# Native memory allocation (malloc) failed to allocate 399056 bytes for Chunk::new
# Possible reasons:
#   The system is out of physical RAM or swap space
#   In 32 bit mode, the process size limit was hit
# Possible solutions:
#   Reduce memory load on the system
#   Increase physical memory or swap space
#   Check if swap backing store is full
#   Use 64 bit Java on a 64 bit OS
#   Decrease Java heap size (-Xmx/-Xms)
#   Decrease number of Java threads
#   Decrease Java thread stack sizes (-Xss)
#   Set larger code cache with -XX:ReservedCodeCacheSize=
# This output file may be truncated or incomplete.
#
#  Out of Memory Error (allocation.cpp:390), pid=12000, tid=0x0000000000002540
#
# JRE version: Java(TM) SE Runtime Environment (8.0_101-b13) (build 1.8.0_101-b13)
# Java VM: Java HotSpot(TM) 64-Bit Server VM (25.101-b13 mixed mode windows-amd64 compressed oops)
# Failed to write core dump. Minidumps are not enabled by default on client versions of Windows
#

---------------  T H R E A D  ---------------

Current thread (0x000000000625b800):  JavaThread "C2 CompilerThread0" daemon [_thread_in_native, id=9536, stack(0x00000000078a0000,0x00000000079a0000)]

Stack: [0x00000000078a0000,0x00000000079a0000]
[error occurred during error reporting (printing stack bounds), id 0xc0000005]

Native frames: (J=compiled Java code, j=interpreted, Vv=VM code, C=native code)


Current CompileTask:
C2:   2004 1210       4       com.android.dx.ssa.SsaRenamer$BlockRenamer::process (191 bytes)


---------------  P R O C E S S  ---------------

Java Threads: ( => current thread )
  0x0000000007d0d800 JavaThread "pool-2-thread-4" [_thread_in_Java, id=2912, stack(0x00000000085a0000,0x00000000086a0000)]
  0x0000000007d05800 JavaThread "pool-2-thread-2" [_thread_in_Java, id=6392, stack(0x00000000083a0000,0x00000000084a0000)]
  0x0000000007d02800 JavaThread "pool-3-thread-1" [_thread_blocked, id=5672, stack(0x00000000082a0000,0x00000000083a0000)]
  0x0000000007cde000 JavaThread "pool-2-thread-1" [_thread_in_Java, id=8228, stack(0x00000000081a0000,0x00000000082a0000)]
  0x0000000007bcd000 JavaThread "Service Thread" daemon [_thread_blocked, id=3784, stack(0x0000000007fa0000,0x00000000080a0000)]
  0x00000000062be000 JavaThread "C1 CompilerThread2" daemon [_thread_in_vm, id=7204, stack(0x0000000007aa0000,0x0000000007ba0000)]
  0x000000000625e000 JavaThread "C2 CompilerThread1" daemon [_thread_in_native, id=3332, stack(0x00000000079a0000,0x0000000007aa0000)]
=>0x000000000625b800 JavaThread "C2 CompilerThread0" daemon [_thread_in_native, id=9536, stack(0x00000000078a0000,0x00000000079a0000)]
  0x0000000006259000 JavaThread "Attach Listener" daemon [_thread_blocked, id=6328, stack(0x00000000077a0000,0x00000000078a0000)]
  0x0000000006267800 JavaThread "Signal Dispatcher" daemon [_thread_blocked, id=5812, stack(0x00000000076a0000,0x00000000077a0000)]
  0x000000000624a000 JavaThread "Finalizer" daemon [_thread_blocked, id=4436, stack(0x00000000074b0000,0x00000000075b0000)]
  0x0000000006228800 JavaThread "Reference Handler" daemon [_thread_blocked, id=5708, stack(0x00000000073b0000,0x00000000074b0000)]
  0x0000000002a90800 JavaThread "main" [_thread_blocked, id=9112, stack(0x00000000028e0000,0x00000000029e0000)]

Other Threads:
  0x0000000006227000 VMThread [stack: 0x00000000072b0000,0x00000000073b0000] [id=8852]
  0x0000000007bd1800 WatcherThread [stack: 0x00000000080a0000,0x00000000081a0000] [id=5076]

VM state:not at safepoint (normal execution)

VM Mutex/Monitor currently owned by a thread: None

Heap:
 PSYoungGen      total 37888K, used 20774K [0x00000000eab00000, 0x00000000ed500000, 0x0000000100000000)
  eden space 32768K, 47% used [0x00000000eab00000,0x00000000eba51870,0x00000000ecb00000)
  from space 5120K, 99% used [0x00000000ecb00000,0x00000000ecff8048,0x00000000ed000000)
  to   space 5120K, 0% used [0x00000000ed000000,0x00000000ed000000,0x00000000ed500000)
 ParOldGen       total 86016K, used 1868K [0x00000000c0000000, 0x00000000c5400000, 0x00000000eab00000)
  object space 86016K, 2% used [0x00000000c0000000,0x00000000c01d3228,0x00000000c5400000)
 Metaspace       used 6055K, capacity 6964K, committed 7040K, reserved 1056768K
  class space    used 601K, capacity 620K, committed 640K, reserved 1048576K

Card table byte_map: [0x0000000002f50000,0x0000000003160000] byte_map_base: 0x0000000002950000

Marking Bits: (ParMarkBitMap*) 0x000000006b3ea6d0
 Begin Bits: [0x00000000036c0000, 0x00000000046c0000)
 End Bits:   [0x00000000046c0000, 0x00000000056c0000)

Polling page: 0x00000000012f0000

CodeCache: size=245760Kb used=5215Kb max_used=5229Kb free=240544Kb
 bounds [0x000000000f010000, 0x000000000f530000, 0x000000001e010000]
 total_blobs=1560 nmethods=1291 adapters=182
 compilation: enabled

Compilation events (10 events):
Event: 1.849 Thread 0x00000000062be000 1300       3       java.util.TreeMap::rotateRight (96 bytes)
Event: 1.849 Thread 0x00000000062be000 nmethod 1300 0x000000000f521950 code [0x000000000f521ac0, 0x000000000f521e10]
Event: 1.850 Thread 0x00000000062be000 1301 %     3       com.android.dx.rop.code.RopMethod::calcPredecessors @ 157 (227 bytes)
Event: 1.852 Thread 0x00000000062be000 nmethod 1301% 0x000000000f521f10 code [0x000000000f522220, 0x000000000f523f68]
Event: 1.854 Thread 0x00000000062be000 1302       3       com.android.dx.ssa.DeadCodeRemover::process (14 bytes)
Event: 1.854 Thread 0x00000000062be000 nmethod 1302 0x000000000f525090 code [0x000000000f525200, 0x000000000f5253f8]
Event: 1.854 Thread 0x00000000062be000 1303       3       com.android.dx.ssa.DeadCodeRemover::<init> (44 bytes)
Event: 1.855 Thread 0x00000000062be000 nmethod 1303 0x000000000f5254d0 code [0x000000000f525660, 0x000000000f525a58]
Event: 1.864 Thread 0x00000000062be000 1305       1       com.android.dx.rop.code.Insn$BaseVisitor::visitThrowingCstInsn (1 bytes)
Event: 1.864 Thread 0x00000000062be000 nmethod 1305 0x000000000f525bd0 code [0x000000000f525d20, 0x000000000f525e30]

GC Heap History (2 events):
Event: 1.773 GC heap before
{Heap before GC invocations=1 (full 0):
 PSYoungGen      total 37888K, used 32768K [0x00000000eab00000, 0x00000000ed500000, 0x0000000100000000)
  eden space 32768K, 100% used [0x00000000eab00000,0x00000000ecb00000,0x00000000ecb00000)
  from space 5120K, 0% used [0x00000000ed000000,0x00000000ed000000,0x00000000ed500000)
  to   space 5120K, 0% used [0x00000000ecb00000,0x00000000ecb00000,0x00000000ed000000)
 ParOldGen       total 86016K, used 0K [0x00000000c0000000, 0x00000000c5400000, 0x00000000eab00000)
  object space 86016K, 0% used [0x00000000c0000000,0x00000000c0000000,0x00000000c5400000)
 Metaspace       used 5994K, capacity 6964K, committed 7040K, reserved 1056768K
  class space    used 601K, capacity 620K, committed 640K, reserved 1048576K
Event: 1.784 GC heap after
Heap after GC invocations=1 (full 0):
 PSYoungGen      total 37888K, used 5088K [0x00000000eab00000, 0x00000000ed500000, 0x0000000100000000)
  eden space 32768K, 0% used [0x00000000eab00000,0x00000000eab00000,0x00000000ecb00000)
  from space 5120K, 99% used [0x00000000ecb00000,0x00000000ecff8048,0x00000000ed000000)
  to   space 5120K, 0% used [0x00000000ed000000,0x00000000ed000000,0x00000000ed500000)
 ParOldGen       total 86016K, used 1868K [0x00000000c0000000, 0x00000000c5400000, 0x00000000eab00000)
  object space 86016K, 2% used [0x00000000c0000000,0x00000000c01d3228,0x00000000c5400000)
 Metaspace       used 5994K, capacity 6964K, committed 7040K, reserved 1056768K
  class space    used 601K, capacity 620K, committed 640K, reserved 1048576K
}

Deoptimization events (10 events):
Event: 1.005 Thread 0x0000000007d05800 Uncommon trap: reason=unstable_if action=reinterpret pc=0x000000000f275a6c method=com.android.dx.rop.code.RegisterSpecSet.put(Lcom/android/dx/rop/code/RegisterSpec;)V @ 77
Event: 1.030 Thread 0x0000000002a90800 Uncommon trap: reason=null_check action=make_not_entrant pc=0x000000000f2b2360 method=com.android.dx.rop.type.Type.equals(Ljava/lang/Object;)Z @ 8
Event: 1.228 Thread 0x0000000007d0d800 Uncommon trap: reason=unstable_if action=reinterpret pc=0x000000000f2fe128 method=com.android.dx.ssa.SsaRenamer$BlockRenamer.addMapping(ILcom/android/dx/rop/code/RegisterSpec;)V @ 120
Event: 1.505 Thread 0x0000000007d0d800 Uncommon trap: reason=unstable_if action=reinterpret pc=0x000000000f31a05c method=com.android.dx.rop.code.RegisterSpec.equals(ILcom/android/dx/rop/type/TypeBearer;Lcom/android/dx/rop/code/LocalItem;)Z @ 42
Event: 1.521 Thread 0x0000000007cde000 Uncommon trap: reason=class_check action=maybe_recompile pc=0x000000000f4122cc method=com.android.dx.ssa.SCCP.setLatticeValueTo(IILcom/android/dx/rop/cst/Constant;)Z @ 43
Event: 1.521 Thread 0x0000000007cde000 Uncommon trap: reason=class_check action=maybe_recompile pc=0x000000000f4122cc method=com.android.dx.ssa.SCCP.setLatticeValueTo(IILcom/android/dx/rop/cst/Constant;)Z @ 43
Event: 1.522 Thread 0x0000000007cde000 Uncommon trap: reason=bimorphic action=maybe_recompile pc=0x000000000f27897c method=java.util.HashMap.getNode(ILjava/lang/Object;)Ljava/util/HashMap$Node; @ 126
Event: 1.522 Thread 0x0000000007cde000 Uncommon trap: reason=class_check action=maybe_recompile pc=0x000000000f344e4c method=java.util.HashMap.putVal(ILjava/lang/Object;Ljava/lang/Object;ZZ)Ljava/lang/Object; @ 203
Event: 1.563 Thread 0x0000000007cde000 Uncommon trap: reason=class_check action=maybe_recompile pc=0x000000000f4122cc method=com.android.dx.ssa.SCCP.setLatticeValueTo(IILcom/android/dx/rop/cst/Constant;)Z @ 43
Event: 1.563 Thread 0x0000000007cde000 Uncommon trap: reason=class_check action=maybe_recompile pc=0x000000000f4122cc method=com.android.dx.ssa.SCCP.setLatticeValueTo(IILcom/android/dx/rop/cst/Constant;)Z @ 43

Internal exceptions (3 events):
Event: 0.052 Thread 0x0000000002a90800 Exception <a 'java/lang/NoSuchMethodError': Method sun.misc.Unsafe.defineClass(Ljava/lang/String;[BII)Ljava/lang/Class; name or signature does not match> (0x00000000eab07cc0) thrown at [C:\re\workspace\8-2-build-windows-amd64-cygwin\jdk8u101\7261\hotspot\s\VL6P¹ª?
Event: 0.052 Thread 0x0000000002a90800 Exception <a 'java/lang/NoSuchMethodError': Method sun.misc.Unsafe.prefetchRead(Ljava/lang/Object;J)V name or signature does not match> (0x00000000eab07fa8) thrown at [C:\re\workspace\8-2-build-windows-amd64-cygwin\jdk8u101\7261\hotspot\src\share\vm\prims\¼°?ø‰|ð?
Event: 1.030 Thread 0x0000000002a90800 Implicit null exception at 0x000000000f2b2262 to 0x000000000f2b2352

Events (10 events):
Event: 1.815 Thread 0x0000000007cde000 DEOPT UNPACKING pc=0x000000000f05787f sp=0x000000000829e380 mode 0
Event: 1.845 loading class com/android/dx/cf/code/SwitchList
Event: 1.845 loading class com/android/dx/cf/code/SwitchList done
Event: 1.850 Thread 0x0000000007d0a000 DEOPT PACKING pc=0x000000000f404ae7 sp=0x000000000859eb80
Event: 1.850 Thread 0x0000000007d0a000 DEOPT UNPACKING pc=0x000000000f05787f sp=0x000000000859e918 mode 0
Event: 1.854 Thread 0x0000000007d0a000 DEOPT PACKING pc=0x000000000f34d3a5 sp=0x000000000859ed60
Event: 1.854 Thread 0x0000000007d0a000 DEOPT UNPACKING pc=0x000000000f05787f sp=0x000000000859eb40 mode 0
Event: 1.863 Thread 0x0000000007d0a000 DEOPT PACKING pc=0x000000000f3a8644 sp=0x000000000859ecd0
Event: 1.863 Thread 0x0000000007d0a000 DEOPT UNPACKING pc=0x000000000f05787f sp=0x000000000859ea98 mode 0
Event: 1.867 Thread 0x0000000007d0a000 Thread exited: 0x0000000007d0a000


Dynamic libraries:
0x00007ff782100000 - 0x00007ff782137000 	C:\Program Files\Java\jdk1.8.0_101\bin\java.exe
0x00007ffcdf4b0000 - 0x00007ffcdf671000 	C:\Windows\SYSTEM32\ntdll.dll
0x00007ffcdebc0000 - 0x00007ffcdec6d000 	C:\Windows\system32\KERNEL32.DLL
0x00007ffcdbdc0000 - 0x00007ffcdbfa8000 	C:\Windows\system32\KERNELBASE.dll
0x00007ffcdf400000 - 0x00007ffcdf4a7000 	C:\Windows\system32\ADVAPI32.dll
0x00007ffcdd280000 - 0x00007ffcdd31d000 	C:\Windows\system32\msvcrt.dll
0x00007ffcdedb0000 - 0x00007ffcdee0b000 	C:\Windows\system32\sechost.dll
0x00007ffcdec70000 - 0x00007ffcded8c000 	C:\Windows\system32\RPCRT4.dll
0x00007ffcdd3a0000 - 0x00007ffcdd4f6000 	C:\Windows\system32\USER32.dll
0x00007ffcdcfe0000 - 0x00007ffcdd166000 	C:\Windows\system32\GDI32.dll
0x00007ffcd8000000 - 0x00007ffcd8274000 	C:\Windows\WinSxS\amd64_microsoft.windows.common-controls_6595b64144ccf1df_6.0.10586.494_none_a2d8b04ea53e3145\COMCTL32.dll
0x00007ffcdf070000 - 0x00007ffcdf2ed000 	C:\Windows\system32\combase.dll
0x00007ffcdbb60000 - 0x00007ffcdbbca000 	C:\Windows\system32\bcryptPrimitives.dll
0x00007ffcdf2f0000 - 0x00007ffcdf32b000 	C:\Windows\system32\IMM32.DLL
0x00007ffcdb9c0000 - 0x00007ffcdb9f1000 	C:\Windows\system32\nvinitx.dll
0x00007ffcdb9b0000 - 0x00007ffcdb9ba000 	C:\Windows\SYSTEM32\VERSION.dll
0x000000000f000000 - 0x000000000f006000 	C:\Program Files\NVIDIA Corporation\CoProcManager\_etoured.dll
0x00007ffcd9eb0000 - 0x00007ffcd9ee2000 	C:\Program Files\NVIDIA Corporation\CoProcManager\nvd3d9wrapx.dll
0x00007ffcdca00000 - 0x00007ffcdce29000 	C:\Windows\system32\SETUPAPI.dll
0x00007ffcdc6b0000 - 0x00007ffcdc6f3000 	C:\Windows\system32\CFGMGR32.dll
0x00007ffcd93b0000 - 0x00007ffcd93d2000 	C:\Program Files\NVIDIA Corporation\CoProcManager\nvdxgiwrapx.dll
0x000000006a6f0000 - 0x000000006a7c2000 	C:\Program Files\Java\jdk1.8.0_101\jre\bin\msvcr100.dll
0x000000006abd0000 - 0x000000006b46a000 	C:\Program Files\Java\jdk1.8.0_101\jre\bin\server\jvm.dll
0x00007ffcdd320000 - 0x00007ffcdd328000 	C:\Windows\system32\PSAPI.DLL
0x00007ffcd5540000 - 0x00007ffcd5549000 	C:\Windows\SYSTEM32\WSOCK32.dll
0x00007ffcdd330000 - 0x00007ffcdd39b000 	C:\Windows\system32\WS2_32.dll
0x00007ffcd9e30000 - 0x00007ffcd9e53000 	C:\Windows\SYSTEM32\WINMM.dll
0x00007ffcd9e00000 - 0x00007ffcd9e2c000 	C:\Windows\SYSTEM32\WINMMBASE.dll
0x000000006abc0000 - 0x000000006abcf000 	C:\Program Files\Java\jdk1.8.0_101\jre\bin\verify.dll
0x000000006ab90000 - 0x000000006abb9000 	C:\Program Files\Java\jdk1.8.0_101\jre\bin\java.dll
0x000000006ab70000 - 0x000000006ab86000 	C:\Program Files\Java\jdk1.8.0_101\jre\bin\zip.dll
0x00007ffcdd500000 - 0x00007ffcdea5c000 	C:\Windows\system32\SHELL32.dll
0x00007ffcdbfb0000 - 0x00007ffcdc5f5000 	C:\Windows\system32\windows.storage.dll
0x00007ffcdf010000 - 0x00007ffcdf062000 	C:\Windows\system32\shlwapi.dll
0x00007ffcdbb00000 - 0x00007ffcdbb0f000 	C:\Windows\system32\kernel.appcore.dll
0x00007ffcdc700000 - 0x00007ffcdc7b5000 	C:\Windows\system32\shcore.dll
0x00007ffcdbb10000 - 0x00007ffcdbb5b000 	C:\Windows\system32\powrprof.dll
0x00007ffcdbad0000 - 0x00007ffcdbae4000 	C:\Windows\system32\profapi.dll

VM Arguments:
jvm_args: -Djava.awt.headless=true -Xmx1024M -Dfile.encoding=windows-1251 -Duser.country=RU -Duser.language=ru -Duser.variant 
java_command: com.android.dx.command.Main --dex --force-jumbo --num-threads=4 --multi-dex --output D:\AndroidStudioProjects\MyFirstApplication\app\build\intermediates\transforms\dex\debug\folders\1000\10\instant-run_671abcba79bd3fef7302c652281a12e446e985a4 D:\AndroidStudioProjects\MyFirstApplication\app\build\intermediates\incremental-runtime-classes\debug\instant-run.jar
java_class_path (initial): C:\Program Files\Java\jdk1.8.0_101\build-tools\24.0.1\lib\dx.jar
Launcher Type: SUN_STANDARD

Environment Variables:
JAVA_HOME=C:\Program Files\Java\jdk1.8.0_101
PATH=C:\ProgramData\Oracle\Java\javapath;C:\Windows\system32;C:\Windows;C:\Windows\System32\Wbem;C:\Windows\System32\WindowsPowerShell\v1.0\;C:\Program Files\Java\jdk1.8.0_101\bin
USERNAME=íèêà
OS=Windows_NT
PROCESSOR_IDENTIFIER=Intel64 Family 6 Model 58 Stepping 9, GenuineIntel



---------------  S Y S T E M  ---------------

OS: Windows 10.0 , 64 bit Build 10586 (10.0.10586.0)

CPU:total 4 (2 cores per cpu, 2 threads per core) family 6 model 58 stepping 9, cmov, cx8, fxsr, mmx, sse, sse2, sse3, ssse3, sse4.1, sse4.2, popcnt, avx, aes, clmul, erms, ht, tsc, tscinvbit, tscinv

Memory: 4k page, physical 8202600k(1404252k free), swap 10778116k(5244k free)

vm_info: Java HotSpot(TM) 64-Bit Server VM (25.101-b13) for windows-amd64 JRE (1.8.0_101-b13), built on Jun 22 2016 01:21:29 by "java_re" with MS VC++ 10.0 (VS2010)

time: Fri Sep 09 22:46:06 2016
elapsed time: 2 seconds (0d 0h 0m 2s)

